Using pre-set license
Built from '2020.3/staging' branch; Version is '2020.3.23f1 (c5d91304a876) revision 12966163'; Using compiler version '192528614'; Build Type 'Release'
OS: 'Windows 10 Education; OS build 19042.1466; Version 2009; 64bit' Language: 'pl' Physical Memory: 20418 MB
BatchMode: 1, IsHumanControllingUs: 0, StartBugReporterOnCrash: 0, Is64bit: 1, IsPro: 0

COMMAND LINE ARGUMENTS:
D:\unity\2020.3.23f1\Editor\Unity.exe
-adb2
-batchMode
-noUpm
-name
AssetImportWorker0
-projectPath
C:/Users/Mikolaj Palka/My project
-logFile
Logs/AssetImportWorker0.log
-srvPort
57064
Successfully changed project path to: C:/Users/Mikolaj Palka/My project
C:/Users/Mikolaj Palka/My project
Using Asset Import Pipeline V2.
Default GameObject BitMask: Water already registered
Refreshing native plugins compatible for Editor in 67.86 ms, found 3 plugins.
Preloading 0 native plugins for Editor in 0.00 ms.
Initialize engine version: 2020.3.23f1 (c5d91304a876)
[Subsystems] Discovering subsystems at path D:/unity/2020.3.23f1/Editor/Data/Resources/UnitySubsystems
[Subsystems] Discovering subsystems at path C:/Users/Mikolaj Palka/My project/Assets
GfxDevice: creating device client; threaded=0
Direct3D:
    Version:  Direct3D 11.0 [level 11.1]
    Renderer: NVIDIA GeForce GTX 980 (ID=0x13c0)
    Vendor:   
    VRAM:     4053 MB
    Driver:   30.0.15.1123
Initialize mono
Mono path[0] = 'D:/unity/2020.3.23f1/Editor/Data/Managed'
Mono path[1] = 'D:/unity/2020.3.23f1/Editor/Data/MonoBleedingEdge/lib/mono/unityjit'
Mono config path = 'D:/unity/2020.3.23f1/Editor/Data/MonoBleedingEdge/etc'
Using monoOptions --debugger-agent=transport=dt_socket,embedding=1,server=y,suspend=n,address=127.0.0.1:56568
Begin MonoManager ReloadAssembly
Registering precompiled unity dll's ...
Register platform support module: D:/unity/2020.3.23f1/Editor/Data/PlaybackEngines/WindowsStandaloneSupport/UnityEditor.WindowsStandalone.Extensions.dll
Registered in 0.002939 seconds.
Native extension for WindowsStandalone target not found
Refreshing native plugins compatible for Editor in 59.33 ms, found 3 plugins.
Preloading 0 native plugins for Editor in 0.00 ms.
Mono: successfully reloaded assembly
- Completed reload, in  0.908 seconds
Domain Reload Profiling:
	ReloadAssembly (909ms)
		BeginReloadAssembly (121ms)
			ExecutionOrderSort (0ms)
			DisableScriptedObjects (0ms)
			BackupInstance (0ms)
			ReleaseScriptingObjects (0ms)
			CreateAndSetChildDomain (1ms)
		EndReloadAssembly (688ms)
			LoadAssemblies (121ms)
			RebuildTransferFunctionScriptingTraits (0ms)
			SetupTypeCache (264ms)
			ReleaseScriptCaches (0ms)
			RebuildScriptCaches (39ms)
			SetupLoadedEditorAssemblies (256ms)
				LogAssemblyErrors (0ms)
				InitializePlatformSupportModulesInManaged (6ms)
				SetLoadedEditorAssemblies (0ms)
				RefreshPlugins (59ms)
				BeforeProcessingInitializeOnLoad (22ms)
				ProcessInitializeOnLoadAttributes (122ms)
				ProcessInitializeOnLoadMethodAttributes (46ms)
				AfterProcessingInitializeOnLoad (0ms)
				EditorAssembliesLoaded (0ms)
			ExecutionOrderSort2 (0ms)
			AwakeInstancesAfterBackupRestoration (0ms)
Platform modules already initialized, skipping
Registering precompiled user dll's ...
Registered in 0.016873 seconds.
Begin MonoManager ReloadAssembly
Native extension for WindowsStandalone target not found
Refreshing native plugins compatible for Editor in 65.48 ms, found 3 plugins.
Preloading 0 native plugins for Editor in 0.00 ms.
Mono: successfully reloaded assembly
- Completed reload, in  2.127 seconds
Domain Reload Profiling:
	ReloadAssembly (2128ms)
		BeginReloadAssembly (263ms)
			ExecutionOrderSort (0ms)
			DisableScriptedObjects (7ms)
			BackupInstance (0ms)
			ReleaseScriptingObjects (0ms)
			CreateAndSetChildDomain (32ms)
		EndReloadAssembly (1769ms)
			LoadAssemblies (182ms)
			RebuildTransferFunctionScriptingTraits (0ms)
			SetupTypeCache (787ms)
			ReleaseScriptCaches (1ms)
			RebuildScriptCaches (65ms)
			SetupLoadedEditorAssemblies (528ms)
				LogAssemblyErrors (0ms)
				InitializePlatformSupportModulesInManaged (4ms)
				SetLoadedEditorAssemblies (0ms)
				RefreshPlugins (66ms)
				BeforeProcessingInitializeOnLoad (135ms)
				ProcessInitializeOnLoadAttributes (294ms)
				ProcessInitializeOnLoadMethodAttributes (24ms)
				AfterProcessingInitializeOnLoad (5ms)
				EditorAssembliesLoaded (0ms)
			ExecutionOrderSort2 (0ms)
			AwakeInstancesAfterBackupRestoration (8ms)
Platform modules already initialized, skipping
========================================================================
Worker process is ready to serve import requests
Default GameObject BitMask: Water already registered
Launched and connected shader compiler UnityShaderCompiler.exe after 0.10 seconds
Refreshing native plugins compatible for Editor in 0.79 ms, found 3 plugins.
Preloading 0 native plugins for Editor in 0.00 ms.
Unloading 2205 Unused Serialized files (Serialized files now loaded: 0)
System memory in use before: 115.9 MB.
System memory in use after: 116.1 MB.

Unloading 27 unused Assets to reduce memory usage. Loaded Objects now: 2663.
Total: 3.601500 ms (FindLiveObjects: 0.228400 ms CreateObjectMapping: 0.098900 ms MarkObjects: 3.243100 ms  DeleteObjects: 0.029700 ms)

AssetImportParameters requested are different than current active one (requested -> active):
  custom:framework-win-MediaFoundation: 216162199b28c13a410421893ffa2e32 -> 
  custom:video-decoder-ogg-theora: a1e56fd34408186e4bbccfd4996cb3dc -> 
  custom:container-muxer-webm: aa71ff27fc2769a1b78a27578f13a17b -> 
  custom:container-demuxer-webm: 4f35f7cbe854078d1ac9338744f61a02 -> 
  custom:container-demuxer-ogg: 62fdf1f143b41e24485cea50d1cbac27 -> 
  custom:video-encoder-webm-vp8: eb34c28f22e8b96e1ab97ce403110664 -> 
  custom:video-codec-MediaFoundation-h265: 746d11721c4dcdbdad8f713fa42b33f4 -> 
  custom:video-decoder-webm-vp8: 9c59270c3fd7afecdb556c50c9e8de78 -> 
  custom:audio-decoder-ogg-vorbis: bf7c407c2cedff20999df2af8eb42d56 -> 
  custom:audio-encoder-webm-vorbis: bf7c407c2cedff20999df2af8eb42d56 -> 
========================================================================
Received Import Request.
  path: Assets/Sprites/Enemies/Spider
  artifactKey: Guid(2ee476669d8721d4cb70e2c55e2824a0) Importer(815301076,1909f56bfc062723c751e8b465ee728b)
Start importing Assets/Sprites/Enemies/Spider using Guid(2ee476669d8721d4cb70e2c55e2824a0) Importer(815301076,1909f56bfc062723c751e8b465ee728b)  -> (artifact id: '253845255dc7d9fff9cc1bb61d0f40f1') in 0.040254 seconds 
  Import took 0.049939 seconds .

========================================================================
Received Import Request.
  Time since last request: 14.641204 seconds.
  path: Assets/Sprites/Enemies/Spider/Spider idle 001.png
  artifactKey: Guid(959dcec174963a6469e0e23e8195634d) Importer(815301076,1909f56bfc062723c751e8b465ee728b)
Start importing Assets/Sprites/Enemies/Spider/Spider idle 001.png using Guid(959dcec174963a6469e0e23e8195634d) Importer(815301076,1909f56bfc062723c751e8b465ee728b)  -> (artifact id: '23a993efaf375e893e6087086ee957c2') in 0.133472 seconds 
  Import took 0.138546 seconds .

========================================================================
Received Import Request.
  Time since last request: 0.000248 seconds.
  path: Assets/Sprites/Enemies/Spider/Spider idle 002.png
  artifactKey: Guid(c446080bbbd774c47a2ac98c41127c78) Importer(815301076,1909f56bfc062723c751e8b465ee728b)
Start importing Assets/Sprites/Enemies/Spider/Spider idle 002.png using Guid(c446080bbbd774c47a2ac98c41127c78) Importer(815301076,1909f56bfc062723c751e8b465ee728b)  -> (artifact id: 'f5dfcadd87055b651c826ff909f7d735') in 0.028234 seconds 
  Import took 0.033029 seconds .

========================================================================
Received Import Request.
  Time since last request: 16.430310 seconds.
  path: Assets/Sprites/Enemies/Spider/Spider idle 001.png
  artifactKey: Guid(959dcec174963a6469e0e23e8195634d) Importer(815301076,1909f56bfc062723c751e8b465ee728b)
Start importing Assets/Sprites/Enemies/Spider/Spider idle 001.png using Guid(959dcec174963a6469e0e23e8195634d) Importer(815301076,1909f56bfc062723c751e8b465ee728b)  -> (artifact id: '130d47f28d0804d72891d6d0b9d8e2a0') in 0.015192 seconds 
  Import took 0.020210 seconds .

========================================================================
Received Import Request.
  Time since last request: 0.000263 seconds.
  path: Assets/Sprites/Enemies/Spider/Spider idle 002.png
  artifactKey: Guid(c446080bbbd774c47a2ac98c41127c78) Importer(815301076,1909f56bfc062723c751e8b465ee728b)
Start importing Assets/Sprites/Enemies/Spider/Spider idle 002.png using Guid(c446080bbbd774c47a2ac98c41127c78) Importer(815301076,1909f56bfc062723c751e8b465ee728b)  -> (artifact id: '3e3e036d2048817075b80b957f6d8f0f') in 0.012396 seconds 
  Import took 0.016752 seconds .

========================================================================
Received Import Request.
  Time since last request: 18.703470 seconds.
  path: Assets/Sprites/Enemies/Spider/Materials
  artifactKey: Guid(4af020d698be242449dc4bb3104e19e9) Importer(815301076,1909f56bfc062723c751e8b465ee728b)
Start importing Assets/Sprites/Enemies/Spider/Materials using Guid(4af020d698be242449dc4bb3104e19e9) Importer(815301076,1909f56bfc062723c751e8b465ee728b)  -> (artifact id: 'c15b52b06860e5df40b6ae2b20193fec') in 0.013272 seconds 
  Import took 0.021087 seconds .

========================================================================
Received Import Request.
  Time since last request: 0.046507 seconds.
  path: Assets/Sprites/Enemies/Spider/Materials/Spider idle 001.mat
  artifactKey: Guid(22b7b4532431437439a32492eab32959) Importer(815301076,1909f56bfc062723c751e8b465ee728b)
Start importing Assets/Sprites/Enemies/Spider/Materials/Spider idle 001.mat using Guid(22b7b4532431437439a32492eab32959) Importer(815301076,1909f56bfc062723c751e8b465ee728b)  -> (artifact id: 'f087114cfb9ef78474a62d2184e710a4') in 0.192253 seconds 
  Import took 0.196998 seconds .

========================================================================
Received Import Request.
  Time since last request: 69.188087 seconds.
  path: Assets/Sprites/Enemies/Spider/Spider idle 001.png
  artifactKey: Guid(959dcec174963a6469e0e23e8195634d) Importer(815301076,1909f56bfc062723c751e8b465ee728b)
Start importing Assets/Sprites/Enemies/Spider/Spider idle 001.png using Guid(959dcec174963a6469e0e23e8195634d) Importer(815301076,1909f56bfc062723c751e8b465ee728b)  -> (artifact id: '991b7e541361f527d9c1548bb4a59a09') in 0.019646 seconds 
  Import took 0.024975 seconds .

========================================================================
Received Import Request.
  Time since last request: 0.000301 seconds.
  path: Assets/Sprites/Enemies/Spider/Spider idle 002.png
  artifactKey: Guid(c446080bbbd774c47a2ac98c41127c78) Importer(815301076,1909f56bfc062723c751e8b465ee728b)
Start importing Assets/Sprites/Enemies/Spider/Spider idle 002.png using Guid(c446080bbbd774c47a2ac98c41127c78) Importer(815301076,1909f56bfc062723c751e8b465ee728b)  -> (artifact id: 'd828f526bf8c096219be4a16e09650a1') in 0.014498 seconds 
  Import took 0.018908 seconds .

========================================================================
Received Import Request.
  Time since last request: 18.315786 seconds.
  path: Assets/Sprites/Enemies/Spider/Spider idle 001.png
  artifactKey: Guid(959dcec174963a6469e0e23e8195634d) Importer(815301076,1909f56bfc062723c751e8b465ee728b)
Start importing Assets/Sprites/Enemies/Spider/Spider idle 001.png using Guid(959dcec174963a6469e0e23e8195634d) Importer(815301076,1909f56bfc062723c751e8b465ee728b)  -> (artifact id: 'a934f387f4bb72597e488b8ad3c222a1') in 0.016359 seconds 
  Import took 0.022744 seconds .

========================================================================
Received Import Request.
  Time since last request: 103.974056 seconds.
  path: Assets/Sprites/Enemies/Spider/Spider idle 002.png
  artifactKey: Guid(c446080bbbd774c47a2ac98c41127c78) Importer(815301076,1909f56bfc062723c751e8b465ee728b)
Start importing Assets/Sprites/Enemies/Spider/Spider idle 002.png using Guid(c446080bbbd774c47a2ac98c41127c78) Importer(815301076,1909f56bfc062723c751e8b465ee728b)  -> (artifact id: 'cf850f4fe0427b404935486696df84cb') in 0.018889 seconds 
  Import took 0.024270 seconds .

========================================================================
Received Import Request.
  Time since last request: 246.313232 seconds.
  path: Assets/Sprites/Enemies/Skeleon
  artifactKey: Guid(f0633c89c77bd9247af8f51b049ac698) Importer(815301076,1909f56bfc062723c751e8b465ee728b)
Start importing Assets/Sprites/Enemies/Skeleon using Guid(f0633c89c77bd9247af8f51b049ac698) Importer(815301076,1909f56bfc062723c751e8b465ee728b)  -> (artifact id: '3f999a8b98b9944ffc48dd3defe76060') in 0.008089 seconds 
  Import took 0.014755 seconds .

========================================================================
Received Import Request.
  Time since last request: 25.825594 seconds.
  path: Assets/Sprites/Enemies/Skeleon/Skieleton 001.png
  artifactKey: Guid(b9ec6dc0d103db94aab466689863bbcc) Importer(815301076,1909f56bfc062723c751e8b465ee728b)
Start importing Assets/Sprites/Enemies/Skeleon/Skieleton 001.png using Guid(b9ec6dc0d103db94aab466689863bbcc) Importer(815301076,1909f56bfc062723c751e8b465ee728b)  -> (artifact id: '71062d885b29f4e166f5419c01041d25') in 0.027097 seconds 
  Import took 0.032742 seconds .

========================================================================
Received Import Request.
  Time since last request: 0.000222 seconds.
  path: Assets/Sprites/Enemies/Skeleon/Skieleton 002.png
  artifactKey: Guid(1be79404541afeb4d984b25863853cb0) Importer(815301076,1909f56bfc062723c751e8b465ee728b)
Start importing Assets/Sprites/Enemies/Skeleon/Skieleton 002.png using Guid(1be79404541afeb4d984b25863853cb0) Importer(815301076,1909f56bfc062723c751e8b465ee728b)  -> (artifact id: '2fb16dc57166255ff165559e5622c9cb') in 0.039285 seconds 
  Import took 0.047145 seconds .

========================================================================
Received Import Request.
  Time since last request: 8.095823 seconds.
  path: Assets/Sprites/Enemies/Skeleon/Skieleton 001.png
  artifactKey: Guid(b9ec6dc0d103db94aab466689863bbcc) Importer(815301076,1909f56bfc062723c751e8b465ee728b)
Start importing Assets/Sprites/Enemies/Skeleon/Skieleton 001.png using Guid(b9ec6dc0d103db94aab466689863bbcc) Importer(815301076,1909f56bfc062723c751e8b465ee728b)  -> (artifact id: 'f00a072f0b82eebf0ced97a7b07384db') in 0.013516 seconds 
  Import took 0.029302 seconds .

========================================================================
Received Import Request.
  Time since last request: 0.000219 seconds.
  path: Assets/Sprites/Enemies/Skeleon/Skieleton 002.png
  artifactKey: Guid(1be79404541afeb4d984b25863853cb0) Importer(815301076,1909f56bfc062723c751e8b465ee728b)
Start importing Assets/Sprites/Enemies/Skeleon/Skieleton 002.png using Guid(1be79404541afeb4d984b25863853cb0) Importer(815301076,1909f56bfc062723c751e8b465ee728b)  -> (artifact id: 'd834215bc8ae865fbd637254ae720394') in 0.012830 seconds 
  Import took 0.017160 seconds .

========================================================================
Received Import Request.
  Time since last request: 7.741098 seconds.
  path: Assets/Sprites/Enemies/Skeleon/Skieleton 001.png
  artifactKey: Guid(b9ec6dc0d103db94aab466689863bbcc) Importer(815301076,1909f56bfc062723c751e8b465ee728b)
Start importing Assets/Sprites/Enemies/Skeleon/Skieleton 001.png using Guid(b9ec6dc0d103db94aab466689863bbcc) Importer(815301076,1909f56bfc062723c751e8b465ee728b)  -> (artifact id: 'a9cec5aa405ca5122468072a8c221a4e') in 0.034727 seconds 
  Import took 0.041640 seconds .

========================================================================
Received Import Request.
  Time since last request: 8.199462 seconds.
  path: Assets/Sprites/Enemies/Skeleon/Skieleton 002.png
  artifactKey: Guid(1be79404541afeb4d984b25863853cb0) Importer(815301076,1909f56bfc062723c751e8b465ee728b)
Start importing Assets/Sprites/Enemies/Skeleon/Skieleton 002.png using Guid(1be79404541afeb4d984b25863853cb0) Importer(815301076,1909f56bfc062723c751e8b465ee728b)  -> (artifact id: '4a111f9a431c48a88dacfd66ed1d546d') in 0.014608 seconds 
  Import took 0.030520 seconds .

========================================================================
Received Prepare
Default GameObject BitMask: Water already registered
Registering precompiled user dll's ...
Registered in 0.023968 seconds.
Begin MonoManager ReloadAssembly
Native extension for WindowsStandalone target not found
Refreshing native plugins compatible for Editor in 0.65 ms, found 3 plugins.
Preloading 0 native plugins for Editor in 0.00 ms.
Mono: successfully reloaded assembly
- Completed reload, in  1.622 seconds
Domain Reload Profiling:
	ReloadAssembly (1622ms)
		BeginReloadAssembly (228ms)
			ExecutionOrderSort (0ms)
			DisableScriptedObjects (14ms)
			BackupInstance (0ms)
			ReleaseScriptingObjects (0ms)
			CreateAndSetChildDomain (55ms)
		EndReloadAssembly (1295ms)
			LoadAssemblies (193ms)
			RebuildTransferFunctionScriptingTraits (0ms)
			SetupTypeCache (479ms)
			ReleaseScriptCaches (1ms)
			RebuildScriptCaches (63ms)
			SetupLoadedEditorAssemblies (437ms)
				LogAssemblyErrors (0ms)
				InitializePlatformSupportModulesInManaged (11ms)
				SetLoadedEditorAssemblies (1ms)
				RefreshPlugins (1ms)
				BeforeProcessingInitializeOnLoad (125ms)
				ProcessInitializeOnLoadAttributes (277ms)
				ProcessInitializeOnLoadMethodAttributes (18ms)
				AfterProcessingInitializeOnLoad (4ms)
				EditorAssembliesLoaded (0ms)
			ExecutionOrderSort2 (0ms)
			AwakeInstancesAfterBackupRestoration (23ms)
Platform modules already initialized, skipping
Refreshing native plugins compatible for Editor in 0.89 ms, found 3 plugins.
Preloading 0 native plugins for Editor in 0.00 ms.
Unloading 2194 Unused Serialized files (Serialized files now loaded: 0)
System memory in use before: 118.5 MB.
System memory in use after: 118.6 MB.

Unloading 17 unused Assets to reduce memory usage. Loaded Objects now: 2708.
Total: 4.590000 ms (FindLiveObjects: 0.309200 ms CreateObjectMapping: 0.190300 ms MarkObjects: 4.061300 ms  DeleteObjects: 0.027800 ms)

AssetImportParameters requested are different than current active one (requested -> active):
  custom:framework-win-MediaFoundation: 216162199b28c13a410421893ffa2e32 -> 
  custom:video-decoder-ogg-theora: a1e56fd34408186e4bbccfd4996cb3dc -> 
  custom:container-muxer-webm: aa71ff27fc2769a1b78a27578f13a17b -> 
  custom:container-demuxer-webm: 4f35f7cbe854078d1ac9338744f61a02 -> 
  custom:container-demuxer-ogg: 62fdf1f143b41e24485cea50d1cbac27 -> 
  custom:video-encoder-webm-vp8: eb34c28f22e8b96e1ab97ce403110664 -> 
  custom:video-codec-MediaFoundation-h265: 746d11721c4dcdbdad8f713fa42b33f4 -> 
  custom:video-decoder-webm-vp8: 9c59270c3fd7afecdb556c50c9e8de78 -> 
  custom:audio-decoder-ogg-vorbis: bf7c407c2cedff20999df2af8eb42d56 -> 
  custom:audio-encoder-webm-vorbis: bf7c407c2cedff20999df2af8eb42d56 -> 
AssetImportWorkerClient::OnTransportError - code=2 error=End of file
